#-----------------------------------------------------------
# Vivado v2015.4 (64-bit)
# SW Build 1412921 on Wed Nov 18 09:43:45 MST 2015
# IP Build 1412160 on Tue Nov 17 13:47:24 MST 2015
# Start of session at: Thu Dec 29 21:50:40 2016
# Process ID: 4516
# Current directory: C:/Users/Emre/Desktop/project_2
# Command line: vivado.exe -gui_launcher_event rodinguilauncherevent9356 C:\Users\Emre\Desktop\project_2\project_2.xpr
# Log file: C:/Users/Emre/Desktop/project_2/vivado.log
# Journal file: C:/Users/Emre/Desktop/project_2\vivado.jou
#-----------------------------------------------------------
start_gui
open_project C:/Users/Emre/Desktop/project_2/project_2.xpr
Scanning sources...
Finished scanning sources
INFO: [IP_Flow 19-234] Refreshing IP repositories
INFO: [IP_Flow 19-1704] No user IP repositories specified
INFO: [IP_Flow 19-2313] Loaded Vivado IP repository 'C:/Xilinx/Vivado/2015.4/data/ip'.
open_project: Time (s): cpu = 00:00:11 ; elapsed = 00:00:15 . Memory (MB): peak = 785.668 ; gain = 116.457
exit
INFO: [Common 17-206] Exiting Vivado at Thu Dec 29 22:07:09 2016...
